build/app/intermediates/manifest_merge_blame_file/release/manifest-merger-blame-release-report.txt
1<?xml version="1.0" encoding="utf-8"?>
2<manifest xmlns:android="http://schemas.android.com/apk/res/android"
3    package="com.example.claveto"
4    android:versionCode="1"
5    android:versionName="1.0.0" >
6
7    <uses-sdk
8        android:minSdkVersion="19"
8-->src\main\AndroidManifest.xml
9        android:targetSdkVersion="28" />
9-->src\main\AndroidManifest.xml
10    <!--
11         io.flutter.app.FlutterApplication is an android.app.Application that
12         calls FlutterMain.startInitialization(this); in its onCreate method.
13         In most cases you can leave this as-is, but you if you want to provide
14         additional functionality it is fine to subclass or reimplement
15         FlutterApplication and put your custom class here.
16    -->
17    <uses-permission android:name="android.permission.WRITE_EXTERNAL_STORAGE" />
17-->src\main\AndroidManifest.xml:8:5-80
17-->src\main\AndroidManifest.xml:8:22-78
18    <uses-permission android:name="android.permission.READ_EXTERNAL_STORAGE" />
18-->src\main\AndroidManifest.xml:9:5-79
18-->src\main\AndroidManifest.xml:9:22-77
19    <uses-permission android:name="android.permission.CAMERA" />
19-->src\main\AndroidManifest.xml:10:5-64
19-->src\main\AndroidManifest.xml:10:22-62
20    <uses-permission android:name="android.permission.INTERNET" />
20-->src\main\AndroidManifest.xml:11:5-67
20-->src\main\AndroidManifest.xml:11:22-64
21    <uses-permission android:name="android.permission.ACCESS_FINE_LOCATION" />
21-->src\main\AndroidManifest.xml:12:5-79
21-->src\main\AndroidManifest.xml:12:22-76
22    <uses-permission android:name="android.permission.ACCESS_COARSE_LOCATION" />
22-->src\main\AndroidManifest.xml:13:5-81
22-->src\main\AndroidManifest.xml:13:22-78
23    <uses-permission android:name="android.permission.RECEIVE_BOOT_COMPLETED" />
23-->[:flutter_local_notifications] AndroidManifest.xml:7:5-81
23-->[:flutter_local_notifications] AndroidManifest.xml:7:22-78
24    <uses-permission android:name="android.permission.VIBRATE" />
24-->[:flutter_local_notifications] AndroidManifest.xml:8:5-66
24-->[:flutter_local_notifications] AndroidManifest.xml:8:22-63
25    <uses-permission android:name="android.permission.USE_FULL_SCREEN_INTENT" /> <!-- Although the *SdkVersion is captured in gradle build files, this is required for non gradle builds -->
25-->[:flutter_local_notifications] AndroidManifest.xml:9:5-81
25-->[:flutter_local_notifications] AndroidManifest.xml:9:22-78
26    <!-- <uses-sdk android:minSdkVersion="14"/> -->
27    <uses-permission android:name="android.permission.ACCESS_NETWORK_STATE" />
27-->[com.google.firebase:firebase-storage:19.2.0] AndroidManifest.xml:26:5-79
27-->[com.google.firebase:firebase-storage:19.2.0] AndroidManifest.xml:26:22-76
28    <uses-permission android:name="android.permission.WAKE_LOCK" /> <!-- Required by older versions of Google Play services to create IID tokens -->
28-->[com.google.firebase:firebase-iid:20.3.0] AndroidManifest.xml:24:5-68
28-->[com.google.firebase:firebase-iid:20.3.0] AndroidManifest.xml:24:22-65
29    <uses-permission android:name="com.google.android.c2dm.permission.RECEIVE" />
29-->[com.google.firebase:firebase-iid:20.3.0] AndroidManifest.xml:26:5-82
29-->[com.google.firebase:firebase-iid:20.3.0] AndroidManifest.xml:26:22-79
30    <uses-permission android:name="com.google.android.finsky.permission.BIND_GET_INSTALL_REFERRER_SERVICE" />
30-->[com.google.android.gms:play-services-measurement:17.6.0] AndroidManifest.xml:26:5-110
30-->[com.google.android.gms:play-services-measurement:17.6.0] AndroidManifest.xml:26:22-107
31
32    <application
32-->src\main\AndroidManifest.xml:14:5-57:19
33        android:name="io.flutter.app.FlutterApplication"
33-->src\main\AndroidManifest.xml:15:9-57
34        android:appComponentFactory="androidx.core.app.CoreComponentFactory"
34-->[androidx.core:core:1.3.0] AndroidManifest.xml:24:18-86
35        android:icon="@mipmap/ic_launcher"
35-->src\main\AndroidManifest.xml:18:9-43
36        android:label="Claveto"
36-->src\main\AndroidManifest.xml:16:9-32
37        android:usesCleartextTraffic="true" >
37-->src\main\AndroidManifest.xml:17:9-44
38        <activity
38-->src\main\AndroidManifest.xml:19:9-51:20
39            android:name="com.example.claveto.MainActivity"
39-->src\main\AndroidManifest.xml:20:13-41
40            android:configChanges="orientation|keyboardHidden|keyboard|screenSize|smallestScreenSize|locale|layoutDirection|fontScale|screenLayout|density|uiMode"
40-->src\main\AndroidManifest.xml:23:13-163
41            android:hardwareAccelerated="true"
41-->src\main\AndroidManifest.xml:24:13-47
42            android:launchMode="singleTop"
42-->src\main\AndroidManifest.xml:21:13-43
43            android:theme="@style/LaunchTheme"
43-->src\main\AndroidManifest.xml:22:13-47
44            android:windowSoftInputMode="adjustResize" >
44-->src\main\AndroidManifest.xml:25:13-55
45
46            <!--
47                 Specifies an Android theme to apply to this Activity as soon as
48                 the Android process has started. This theme is visible to the user
49                 while the Flutter UI initializes. After that, this theme continues
50                 to determine the Window background behind the Flutter UI.
51            -->
52            <meta-data
52-->src\main\AndroidManifest.xml:30:13-33:17
53                android:name="io.flutter.embedding.android.NormalTheme"
53-->src\main\AndroidManifest.xml:31:15-70
54                android:resource="@style/NormalTheme" />
54-->src\main\AndroidManifest.xml:32:15-52
55            <!--
56                 Displays an Android View that continues showing the launch screen
57                 Drawable until Flutter paints its first frame, then this splash
58                 screen fades out. A splash screen is useful to avoid any visual
59                 gap between the end of Android's launch screen and the painting of
60                 Flutter's first frame.
61            -->
62            <meta-data
62-->src\main\AndroidManifest.xml:39:13-42:17
63                android:name="io.flutter.embedding.android.SplashScreenDrawable"
63-->src\main\AndroidManifest.xml:40:15-79
64                android:resource="@drawable/launch_background" />
64-->src\main\AndroidManifest.xml:41:15-61
65
66            <intent-filter>
66-->src\main\AndroidManifest.xml:43:13-46:29
67                <action android:name="FLUTTER_NOTIFICATION_CLICK" />
67-->src\main\AndroidManifest.xml:44:17-69
67-->src\main\AndroidManifest.xml:44:25-66
68
69                <category android:name="android.intent.category.DEFAULT" />
69-->src\main\AndroidManifest.xml:45:17-76
69-->src\main\AndroidManifest.xml:45:27-73
70            </intent-filter>
71            <intent-filter>
71-->src\main\AndroidManifest.xml:47:13-50:29
72                <action android:name="android.intent.action.MAIN" />
72-->src\main\AndroidManifest.xml:48:17-68
72-->src\main\AndroidManifest.xml:48:25-66
73
74                <category android:name="android.intent.category.LAUNCHER" />
74-->src\main\AndroidManifest.xml:49:17-76
74-->src\main\AndroidManifest.xml:49:27-74
75            </intent-filter>
76        </activity>
77        <!--
78             Don't delete the meta-data below.
79             This is used by the Flutter tool to generate GeneratedPluginRegistrant.java
80        -->
81        <meta-data
81-->src\main\AndroidManifest.xml:54:9-56:33
82            android:name="flutterEmbedding"
82-->src\main\AndroidManifest.xml:55:13-44
83            android:value="2" />
83-->src\main\AndroidManifest.xml:56:13-30
84
85        <provider
85-->[com.sangcomz:FishBun:0.11.2] AndroidManifest.xml:12:9-20:20
86            android:name="com.sangcomz.fishbun.FishBunFileProvider"
86-->[com.sangcomz:FishBun:0.11.2] AndroidManifest.xml:13:13-68
87            android:authorities="com.example.claveto.fishbunfileprovider"
87-->[com.sangcomz:FishBun:0.11.2] AndroidManifest.xml:14:13-71
88            android:exported="false"
88-->[com.sangcomz:FishBun:0.11.2] AndroidManifest.xml:15:13-37
89            android:grantUriPermissions="true" >
89-->[com.sangcomz:FishBun:0.11.2] AndroidManifest.xml:16:13-47
90            <meta-data
90-->[com.sangcomz:FishBun:0.11.2] AndroidManifest.xml:17:13-19:58
91                android:name="android.support.FILE_PROVIDER_PATHS"
91-->[com.sangcomz:FishBun:0.11.2] AndroidManifest.xml:18:17-67
92                android:resource="@xml/provider_paths" />
92-->[com.sangcomz:FishBun:0.11.2] AndroidManifest.xml:19:17-55
93        </provider>
94
95        <activity
95-->[com.sangcomz:FishBun:0.11.2] AndroidManifest.xml:22:9-25:51
96            android:name="com.sangcomz.fishbun.ui.album.AlbumActivity"
96-->[com.sangcomz:FishBun:0.11.2] AndroidManifest.xml:23:13-71
97            android:label="@string/album"
97-->[com.sangcomz:FishBun:0.11.2] AndroidManifest.xml:24:13-42
98            android:theme="@style/FishBunTheme" />
98-->[com.sangcomz:FishBun:0.11.2] AndroidManifest.xml:25:13-48
99        <activity
99-->[com.sangcomz:FishBun:0.11.2] AndroidManifest.xml:26:9-28:51
100            android:name="com.sangcomz.fishbun.ui.picker.PickerActivity"
100-->[com.sangcomz:FishBun:0.11.2] AndroidManifest.xml:27:13-73
101            android:theme="@style/FishBunTheme" />
101-->[com.sangcomz:FishBun:0.11.2] AndroidManifest.xml:28:13-48
102        <activity
102-->[com.sangcomz:FishBun:0.11.2] AndroidManifest.xml:29:9-31:54
103            android:name="com.sangcomz.fishbun.ui.detail.DetailActivity"
103-->[com.sangcomz:FishBun:0.11.2] AndroidManifest.xml:30:13-73
104            android:theme="@style/DetailViewTheme" />
104-->[com.sangcomz:FishBun:0.11.2] AndroidManifest.xml:31:13-51
105        <activity
105-->[:razorpay_flutter] AndroidManifest.xml:8:9-11:20
106            android:name="com.razorpay.CheckoutActivity"
106-->[:razorpay_flutter] AndroidManifest.xml:9:13-57
107            android:configChanges="keyboard|keyboardHidden|orientation|screenSize"
107-->[com.razorpay:checkout:1.6.4] AndroidManifest.xml:20:13-83
108            android:label="Razorpay Checkout"
108-->[:razorpay_flutter] AndroidManifest.xml:10:13-46
109            android:theme="@style/CheckoutTheme" >
109-->[com.razorpay:checkout:1.6.4] AndroidManifest.xml:21:13-49
110            <intent-filter>
110-->[com.razorpay:checkout:1.6.4] AndroidManifest.xml:22:13-28:29
111                <action android:name="android.intent.action.MAIN" />
111-->src\main\AndroidManifest.xml:48:17-68
111-->src\main\AndroidManifest.xml:48:25-66
112
113                <data
113-->[com.razorpay:checkout:1.6.4] AndroidManifest.xml:25:17-27:47
114                    android:host="rzp.io"
114-->[com.razorpay:checkout:1.6.4] AndroidManifest.xml:26:21-42
115                    android:scheme="io.rzp" />
115-->[com.razorpay:checkout:1.6.4] AndroidManifest.xml:27:21-44
116            </intent-filter>
117        </activity>
118
119        <provider
119-->[:image_picker] AndroidManifest.xml:11:9-19:20
120            android:name="io.flutter.plugins.imagepicker.ImagePickerFileProvider"
120-->[:image_picker] AndroidManifest.xml:12:13-82
121            android:authorities="com.example.claveto.flutter.image_provider"
121-->[:image_picker] AndroidManifest.xml:13:13-74
122            android:exported="false"
122-->[:image_picker] AndroidManifest.xml:14:13-37
123            android:grantUriPermissions="true" >
123-->[:image_picker] AndroidManifest.xml:15:13-47
124            <meta-data
124-->[com.sangcomz:FishBun:0.11.2] AndroidManifest.xml:17:13-19:58
125                android:name="android.support.FILE_PROVIDER_PATHS"
125-->[com.sangcomz:FishBun:0.11.2] AndroidManifest.xml:18:17-67
126                android:resource="@xml/flutter_image_picker_file_paths" />
126-->[com.sangcomz:FishBun:0.11.2] AndroidManifest.xml:19:17-55
127        </provider>
128
129        <service
129-->[:cloud_firestore] AndroidManifest.xml:8:9-12:19
130            android:name="com.google.firebase.components.ComponentDiscoveryService"
130-->[:cloud_firestore] AndroidManifest.xml:8:18-89
131            android:directBootAware="true"
131-->[com.google.firebase:firebase-common:19.3.1] AndroidManifest.xml:35:13-43
132            android:exported="false" >
132-->[com.google.firebase:firebase-storage:19.2.0] AndroidManifest.xml:32:13-37
133            <meta-data
133-->[:cloud_firestore] AndroidManifest.xml:9:13-11:85
134                android:name="com.google.firebase.components:io.flutter.plugins.firebase.firestore.FlutterFirebaseFirestoreRegistrar"
134-->[:cloud_firestore] AndroidManifest.xml:10:17-134
135                android:value="com.google.firebase.components.ComponentRegistrar" />
135-->[:cloud_firestore] AndroidManifest.xml:11:17-82
136            <meta-data
136-->[:firebase_storage] AndroidManifest.xml:9:13-11:85
137                android:name="com.google.firebase.components:io.flutter.plugins.firebase.storage.FlutterFirebaseAppRegistrar"
137-->[:firebase_storage] AndroidManifest.xml:10:17-126
138                android:value="com.google.firebase.components.ComponentRegistrar" />
138-->[:firebase_storage] AndroidManifest.xml:11:17-82
139            <meta-data
139-->[:firebase_messaging] AndroidManifest.xml:14:13-16:85
140                android:name="com.google.firebase.components:io.flutter.plugins.firebasemessaging.FlutterFirebaseAppRegistrar"
140-->[:firebase_messaging] AndroidManifest.xml:15:17-127
141                android:value="com.google.firebase.components.ComponentRegistrar" />
141-->[:firebase_messaging] AndroidManifest.xml:16:17-82
142            <meta-data
142-->[:firebase_core] AndroidManifest.xml:9:13-11:85
143                android:name="com.google.firebase.components:io.flutter.plugins.firebase.core.FlutterFirebaseCoreRegistrar"
143-->[:firebase_core] AndroidManifest.xml:10:17-124
144                android:value="com.google.firebase.components.ComponentRegistrar" />
144-->[:firebase_core] AndroidManifest.xml:11:17-82
145            <meta-data
145-->[com.google.firebase:firebase-storage:19.2.0] AndroidManifest.xml:33:13-35:85
146                android:name="com.google.firebase.components:com.google.firebase.storage.StorageRegistrar"
146-->[com.google.firebase:firebase-storage:19.2.0] AndroidManifest.xml:34:17-107
147                android:value="com.google.firebase.components.ComponentRegistrar" />
147-->[com.google.firebase:firebase-storage:19.2.0] AndroidManifest.xml:35:17-82
148            <meta-data
148-->[com.google.firebase:firebase-firestore:21.7.1] AndroidManifest.xml:20:13-22:85
149                android:name="com.google.firebase.components:com.google.firebase.firestore.FirestoreRegistrar"
149-->[com.google.firebase:firebase-firestore:21.7.1] AndroidManifest.xml:21:17-111
150                android:value="com.google.firebase.components.ComponentRegistrar" />
150-->[com.google.firebase:firebase-firestore:21.7.1] AndroidManifest.xml:22:17-82
151            <meta-data
151-->[com.google.firebase:firebase-messaging:20.3.0] AndroidManifest.xml:39:13-41:85
152                android:name="com.google.firebase.components:com.google.firebase.messaging.FirebaseMessagingRegistrar"
152-->[com.google.firebase:firebase-messaging:20.3.0] AndroidManifest.xml:40:17-119
153                android:value="com.google.firebase.components.ComponentRegistrar" />
153-->[com.google.firebase:firebase-messaging:20.3.0] AndroidManifest.xml:41:17-82
154            <meta-data
154-->[com.google.firebase:firebase-iid:20.3.0] AndroidManifest.xml:32:13-34:85
155                android:name="com.google.firebase.components:com.google.firebase.iid.Registrar"
155-->[com.google.firebase:firebase-iid:20.3.0] AndroidManifest.xml:33:17-96
156                android:value="com.google.firebase.components.ComponentRegistrar" />
156-->[com.google.firebase:firebase-iid:20.3.0] AndroidManifest.xml:34:17-82
157            <meta-data
157-->[com.google.android.gms:play-services-measurement-api:17.6.0] AndroidManifest.xml:30:13-32:85
158                android:name="com.google.firebase.components:com.google.firebase.analytics.connector.internal.AnalyticsConnectorRegistrar"
158-->[com.google.android.gms:play-services-measurement-api:17.6.0] AndroidManifest.xml:31:17-139
159                android:value="com.google.firebase.components.ComponentRegistrar" />
159-->[com.google.android.gms:play-services-measurement-api:17.6.0] AndroidManifest.xml:32:17-82
160            <meta-data
160-->[com.google.firebase:firebase-installations:16.3.3] AndroidManifest.xml:17:13-19:85
161                android:name="com.google.firebase.components:com.google.firebase.installations.FirebaseInstallationsRegistrar"
161-->[com.google.firebase:firebase-installations:16.3.3] AndroidManifest.xml:18:17-127
162                android:value="com.google.firebase.components.ComponentRegistrar" />
162-->[com.google.firebase:firebase-installations:16.3.3] AndroidManifest.xml:19:17-82
163            <meta-data
163-->[com.google.firebase:firebase-datatransport:17.0.3] AndroidManifest.xml:28:13-30:85
164                android:name="com.google.firebase.components:com.google.firebase.datatransport.TransportRegistrar"
164-->[com.google.firebase:firebase-datatransport:17.0.3] AndroidManifest.xml:29:17-115
165                android:value="com.google.firebase.components.ComponentRegistrar" />
165-->[com.google.firebase:firebase-datatransport:17.0.3] AndroidManifest.xml:30:17-82
166        </service>
167
168        <receiver android:name="com.dexterous.flutterlocalnotifications.ScheduledNotificationReceiver" />
168-->[:flutter_local_notifications] AndroidManifest.xml:12:9-106
168-->[:flutter_local_notifications] AndroidManifest.xml:12:19-103
169        <receiver android:name="com.dexterous.flutterlocalnotifications.ScheduledNotificationBootReceiver" >
169-->[:flutter_local_notifications] AndroidManifest.xml:13:9-20:20
169-->[:flutter_local_notifications] AndroidManifest.xml:13:19-107
170            <intent-filter>
170-->[:flutter_local_notifications] AndroidManifest.xml:14:13-19:29
171                <action android:name="android.intent.action.BOOT_COMPLETED" />
171-->[:flutter_local_notifications] AndroidManifest.xml:15:17-79
171-->[:flutter_local_notifications] AndroidManifest.xml:15:25-76
172                <action android:name="android.intent.action.MY_PACKAGE_REPLACED" />
172-->[:flutter_local_notifications] AndroidManifest.xml:16:17-84
172-->[:flutter_local_notifications] AndroidManifest.xml:16:25-81
173                <action android:name="android.intent.action.QUICKBOOT_POWERON" />
173-->[:flutter_local_notifications] AndroidManifest.xml:17:17-82
173-->[:flutter_local_notifications] AndroidManifest.xml:17:25-79
174                <action android:name="com.htc.intent.action.QUICKBOOT_POWERON" />
174-->[:flutter_local_notifications] AndroidManifest.xml:18:17-82
174-->[:flutter_local_notifications] AndroidManifest.xml:18:25-79
175            </intent-filter>
176        </receiver>
177
178        <service android:name="io.flutter.plugins.firebasemessaging.FlutterFirebaseMessagingService" >
178-->[:firebase_messaging] AndroidManifest.xml:8:9-12:19
178-->[:firebase_messaging] AndroidManifest.xml:8:18-101
179            <intent-filter>
179-->[:firebase_messaging] AndroidManifest.xml:9:13-11:29
180                <action android:name="com.google.firebase.MESSAGING_EVENT" />
180-->[:firebase_messaging] AndroidManifest.xml:10:17-78
180-->[:firebase_messaging] AndroidManifest.xml:10:25-75
181            </intent-filter>
182        </service>
183
184        <activity
184-->[:url_launcher] AndroidManifest.xml:8:9-11:74
185            android:name="io.flutter.plugins.urllauncher.WebViewActivity"
185-->[:url_launcher] AndroidManifest.xml:9:13-74
186            android:exported="false"
186-->[:url_launcher] AndroidManifest.xml:10:13-37
187            android:theme="@android:style/Theme.NoTitleBar.Fullscreen" />
187-->[:url_launcher] AndroidManifest.xml:11:13-71
188
189        <receiver android:name="com.razorpay.RzpTokenReceiver" >
189-->[com.razorpay:checkout:1.6.4] AndroidManifest.xml:12:9-16:20
189-->[com.razorpay:checkout:1.6.4] AndroidManifest.xml:12:19-63
190            <intent-filter>
190-->[com.razorpay:checkout:1.6.4] AndroidManifest.xml:13:13-15:29
191                <action android:name="rzp.device_token.share" />
191-->[com.razorpay:checkout:1.6.4] AndroidManifest.xml:14:17-65
191-->[com.razorpay:checkout:1.6.4] AndroidManifest.xml:14:25-62
192            </intent-filter>
193        </receiver>
194
195        <activity
195-->[com.google.android.gms:play-services-auth:17.0.0] AndroidManifest.xml:23:9-27:75
196            android:name="com.google.android.gms.auth.api.signin.internal.SignInHubActivity"
196-->[com.google.android.gms:play-services-auth:17.0.0] AndroidManifest.xml:24:13-93
197            android:excludeFromRecents="true"
197-->[com.google.android.gms:play-services-auth:17.0.0] AndroidManifest.xml:25:13-46
198            android:exported="false"
198-->[com.google.android.gms:play-services-auth:17.0.0] AndroidManifest.xml:26:13-37
199            android:theme="@android:style/Theme.Translucent.NoTitleBar" />
199-->[com.google.android.gms:play-services-auth:17.0.0] AndroidManifest.xml:27:13-72
200        <!--
201            Service handling Google Sign-In user revocation. For apps that do not integrate with
202            Google Sign-In, this service will never be started.
203        -->
204        <service
204-->[com.google.android.gms:play-services-auth:17.0.0] AndroidManifest.xml:33:9-36:110
205            android:name="com.google.android.gms.auth.api.signin.RevocationBoundService"
205-->[com.google.android.gms:play-services-auth:17.0.0] AndroidManifest.xml:34:13-89
206            android:exported="true"
206-->[com.google.android.gms:play-services-auth:17.0.0] AndroidManifest.xml:35:13-36
207            android:permission="com.google.android.gms.auth.api.signin.permission.REVOCATION_NOTIFICATION" />
207-->[com.google.android.gms:play-services-auth:17.0.0] AndroidManifest.xml:36:13-107
208        <!--
209             FirebaseMessagingService performs security checks at runtime,
210             but set to not exported to explicitly avoid allowing another app to call it.
211        -->
212        <service
212-->[com.google.firebase:firebase-messaging:20.3.0] AndroidManifest.xml:28:9-35:19
213            android:name="com.google.firebase.messaging.FirebaseMessagingService"
213-->[com.google.firebase:firebase-messaging:20.3.0] AndroidManifest.xml:29:13-82
214            android:directBootAware="true"
214-->[com.google.firebase:firebase-messaging:20.3.0] AndroidManifest.xml:30:13-43
215            android:exported="false" >
215-->[com.google.firebase:firebase-messaging:20.3.0] AndroidManifest.xml:31:13-37
216            <intent-filter android:priority="-500" >
216-->[:firebase_messaging] AndroidManifest.xml:9:13-11:29
217                <action android:name="com.google.firebase.MESSAGING_EVENT" />
217-->[:firebase_messaging] AndroidManifest.xml:10:17-78
217-->[:firebase_messaging] AndroidManifest.xml:10:25-75
218            </intent-filter>
219        </service>
220
221        <receiver
221-->[com.google.firebase:firebase-iid:20.3.0] AndroidManifest.xml:37:9-44:20
222            android:name="com.google.firebase.iid.FirebaseInstanceIdReceiver"
222-->[com.google.firebase:firebase-iid:20.3.0] AndroidManifest.xml:38:13-78
223            android:exported="true"
223-->[com.google.firebase:firebase-iid:20.3.0] AndroidManifest.xml:39:13-36
224            android:permission="com.google.android.c2dm.permission.SEND" >
224-->[com.google.firebase:firebase-iid:20.3.0] AndroidManifest.xml:40:13-73
225            <intent-filter>
225-->[com.google.firebase:firebase-iid:20.3.0] AndroidManifest.xml:41:13-43:29
226                <action android:name="com.google.android.c2dm.intent.RECEIVE" />
226-->[com.google.firebase:firebase-iid:20.3.0] AndroidManifest.xml:42:17-81
226-->[com.google.firebase:firebase-iid:20.3.0] AndroidManifest.xml:42:25-78
227            </intent-filter>
228        </receiver>
229
230        <activity
230-->[com.google.android.gms:play-services-base:17.0.0] AndroidManifest.xml:23:9-26:75
231            android:name="com.google.android.gms.common.api.GoogleApiActivity"
231-->[com.google.android.gms:play-services-base:17.0.0] AndroidManifest.xml:24:13-79
232            android:exported="false"
232-->[com.google.android.gms:play-services-base:17.0.0] AndroidManifest.xml:25:13-37
233            android:theme="@android:style/Theme.Translucent.NoTitleBar" />
233-->[com.google.android.gms:play-services-base:17.0.0] AndroidManifest.xml:26:13-72
234
235        <provider
235-->[com.google.firebase:firebase-common:19.3.1] AndroidManifest.xml:26:9-31:39
236            android:name="com.google.firebase.provider.FirebaseInitProvider"
236-->[com.google.firebase:firebase-common:19.3.1] AndroidManifest.xml:27:13-77
237            android:authorities="com.example.claveto.firebaseinitprovider"
237-->[com.google.firebase:firebase-common:19.3.1] AndroidManifest.xml:28:13-72
238            android:directBootAware="true"
238-->[com.google.firebase:firebase-common:19.3.1] AndroidManifest.xml:29:13-43
239            android:exported="false"
239-->[com.google.firebase:firebase-common:19.3.1] AndroidManifest.xml:30:13-37
240            android:initOrder="100" />
240-->[com.google.firebase:firebase-common:19.3.1] AndroidManifest.xml:31:13-36
241
242        <receiver
242-->[com.google.android.gms:play-services-measurement:17.6.0] AndroidManifest.xml:29:9-33:20
243            android:name="com.google.android.gms.measurement.AppMeasurementReceiver"
243-->[com.google.android.gms:play-services-measurement:17.6.0] AndroidManifest.xml:30:13-85
244            android:enabled="true"
244-->[com.google.android.gms:play-services-measurement:17.6.0] AndroidManifest.xml:31:13-35
245            android:exported="false" >
245-->[com.google.android.gms:play-services-measurement:17.6.0] AndroidManifest.xml:32:13-37
246        </receiver>
247
248        <service
248-->[com.google.android.gms:play-services-measurement:17.6.0] AndroidManifest.xml:35:9-38:40
249            android:name="com.google.android.gms.measurement.AppMeasurementService"
249-->[com.google.android.gms:play-services-measurement:17.6.0] AndroidManifest.xml:36:13-84
250            android:enabled="true"
250-->[com.google.android.gms:play-services-measurement:17.6.0] AndroidManifest.xml:37:13-35
251            android:exported="false" />
251-->[com.google.android.gms:play-services-measurement:17.6.0] AndroidManifest.xml:38:13-37
252        <service
252-->[com.google.android.gms:play-services-measurement:17.6.0] AndroidManifest.xml:39:9-43:72
253            android:name="com.google.android.gms.measurement.AppMeasurementJobService"
253-->[com.google.android.gms:play-services-measurement:17.6.0] AndroidManifest.xml:40:13-87
254            android:enabled="true"
254-->[com.google.android.gms:play-services-measurement:17.6.0] AndroidManifest.xml:41:13-35
255            android:exported="false"
255-->[com.google.android.gms:play-services-measurement:17.6.0] AndroidManifest.xml:42:13-37
256            android:permission="android.permission.BIND_JOB_SERVICE" />
256-->[com.google.android.gms:play-services-measurement:17.6.0] AndroidManifest.xml:43:13-69
257
258        <meta-data
258-->[com.google.android.gms:play-services-basement:17.0.0] AndroidManifest.xml:23:9-25:69
259            android:name="com.google.android.gms.version"
259-->[com.google.android.gms:play-services-basement:17.0.0] AndroidManifest.xml:24:13-58
260            android:value="@integer/google_play_services_version" />
260-->[com.google.android.gms:play-services-basement:17.0.0] AndroidManifest.xml:25:13-66
261
262        <service
262-->[com.google.android.datatransport:transport-backend-cct:2.2.0] AndroidManifest.xml:29:9-35:19
263            android:name="com.google.android.datatransport.runtime.backends.TransportBackendDiscovery"
263-->[com.google.android.datatransport:transport-backend-cct:2.2.0] AndroidManifest.xml:30:13-103
264            android:exported="false" >
264-->[com.google.android.datatransport:transport-backend-cct:2.2.0] AndroidManifest.xml:31:13-37
265            <meta-data
265-->[com.google.android.datatransport:transport-backend-cct:2.2.0] AndroidManifest.xml:32:13-34:39
266                android:name="backend:com.google.android.datatransport.cct.CctBackendFactory"
266-->[com.google.android.datatransport:transport-backend-cct:2.2.0] AndroidManifest.xml:33:17-94
267                android:value="cct" />
267-->[com.google.android.datatransport:transport-backend-cct:2.2.0] AndroidManifest.xml:34:17-36
268        </service>
269        <service
269-->[com.google.android.datatransport:transport-runtime:2.2.0] AndroidManifest.xml:26:9-30:19
270            android:name="com.google.android.datatransport.runtime.scheduling.jobscheduling.JobInfoSchedulerService"
270-->[com.google.android.datatransport:transport-runtime:2.2.0] AndroidManifest.xml:27:13-117
271            android:exported="false"
271-->[com.google.android.datatransport:transport-runtime:2.2.0] AndroidManifest.xml:28:13-37
272            android:permission="android.permission.BIND_JOB_SERVICE" >
272-->[com.google.android.datatransport:transport-runtime:2.2.0] AndroidManifest.xml:29:13-69
273        </service>
274
275        <receiver
275-->[com.google.android.datatransport:transport-runtime:2.2.0] AndroidManifest.xml:32:9-34:40
276            android:name="com.google.android.datatransport.runtime.scheduling.jobscheduling.AlarmManagerSchedulerBroadcastReceiver"
276-->[com.google.android.datatransport:transport-runtime:2.2.0] AndroidManifest.xml:33:13-132
277            android:exported="false" />
277-->[com.google.android.datatransport:transport-runtime:2.2.0] AndroidManifest.xml:34:13-37
278    </application>
279
280</manifest>